app/build/intermediates/manifest_merge_blame_file/debug/processDebugMainManifest/manifest-merger-blame-debug-report.txt
1<?xml version="1.0" encoding="utf-8"?>
2<manifest xmlns:android="http://schemas.android.com/apk/res/android"
3    package="com.example.watercatcher"
4    android:versionCode="1"
5    android:versionName="1.0" >
6
7    <uses-sdk
8        android:minSdkVersion="26"
9        android:targetSdkVersion="32" />
10
11    <application
11-->src\main\AndroidManifest.xml:4:5-23:19
12        android:allowBackup="true"
12-->src\main\AndroidManifest.xml:5:9-35
13        android:appComponentFactory="androidx.core.app.CoreComponentFactory"
13-->[androidx.core:core:1.7.0] AndroidManifest.xml:24:18-86
14        android:debuggable="true"
15        android:extractNativeLibs="false"
16        android:icon="@mipmap/ic_launcher"
16-->src\main\AndroidManifest.xml:8:9-43
17        android:label="@string/app_name"
17-->src\main\AndroidManifest.xml:6:9-41
18        android:supportsRtl="true"
18-->src\main\AndroidManifest.xml:7:9-35
19        android:theme="@style/Theme.WaterCatcher" >
19-->src\main\AndroidManifest.xml:9:9-50
20        <activity android:name="com.example.watercatcher.SensorInfoActivity" />
20-->src\main\AndroidManifest.xml:10:9-56
20-->src\main\AndroidManifest.xml:10:19-53
21        <activity android:name="com.example.watercatcher.LoseActivity" />
21-->src\main\AndroidManifest.xml:11:9-50
21-->src\main\AndroidManifest.xml:11:19-47
22        <activity android:name="com.example.watercatcher.WinActivity" />
22-->src\main\AndroidManifest.xml:12:9-49
22-->src\main\AndroidManifest.xml:12:19-46
23        <activity android:name="com.example.watercatcher.SettingsActivity" />
23-->src\main\AndroidManifest.xml:13:9-54
23-->src\main\AndroidManifest.xml:13:19-51
24        <activity android:name="com.example.watercatcher.GameActivity" />
24-->src\main\AndroidManifest.xml:14:9-50
24-->src\main\AndroidManifest.xml:14:19-47
25        <activity
25-->src\main\AndroidManifest.xml:15:9-22:20
26            android:name="com.example.watercatcher.MainActivity"
26-->src\main\AndroidManifest.xml:16:13-41
27            android:exported="true" >
27-->src\main\AndroidManifest.xml:17:13-36
28            <intent-filter>
28-->src\main\AndroidManifest.xml:18:13-21:29
29                <action android:name="android.intent.action.MAIN" />
29-->src\main\AndroidManifest.xml:19:17-69
29-->src\main\AndroidManifest.xml:19:25-66
30
31                <category android:name="android.intent.category.LAUNCHER" />
31-->src\main\AndroidManifest.xml:20:17-77
31-->src\main\AndroidManifest.xml:20:27-74
32            </intent-filter>
33        </activity>
34
35        <provider
35-->[androidx.emoji2:emoji2:1.0.0] AndroidManifest.xml:26:9-34:20
36            android:name="androidx.startup.InitializationProvider"
36-->[androidx.emoji2:emoji2:1.0.0] AndroidManifest.xml:27:13-67
37            android:authorities="com.example.watercatcher.androidx-startup"
37-->[androidx.emoji2:emoji2:1.0.0] AndroidManifest.xml:28:13-68
38            android:exported="false" >
38-->[androidx.emoji2:emoji2:1.0.0] AndroidManifest.xml:29:13-37
39            <meta-data
39-->[androidx.emoji2:emoji2:1.0.0] AndroidManifest.xml:31:13-33:52
40                android:name="androidx.emoji2.text.EmojiCompatInitializer"
40-->[androidx.emoji2:emoji2:1.0.0] AndroidManifest.xml:32:17-75
41                android:value="androidx.startup" />
41-->[androidx.emoji2:emoji2:1.0.0] AndroidManifest.xml:33:17-49
42            <meta-data
42-->[androidx.lifecycle:lifecycle-process:2.4.0] AndroidManifest.xml:31:13-33:52
43                android:name="androidx.lifecycle.ProcessLifecycleInitializer"
43-->[androidx.lifecycle:lifecycle-process:2.4.0] AndroidManifest.xml:32:17-78
44                android:value="androidx.startup" />
44-->[androidx.lifecycle:lifecycle-process:2.4.0] AndroidManifest.xml:33:17-49
45        </provider>
46    </application>
47
48</manifest>